<?xml version="1.0" encoding="UTF-8"?>
<!-- Generated by org.testng.reporters.JUnitXMLReporter -->
<testsuite ignored="0" hostname="Prashant" failures="0" tests="11" name="Default test" time="142.145" errors="0" timestamp="2024-03-06T12:27:49 IST">
  <testcase classname="com.javaPractice.javaPractice.CCLNewNew" name="test1" time="21.64"/>
  <testcase classname="com.javaPractice.javaPractice.CCLNewNew" name="test1" time="11.02"/>
  <testcase classname="com.javaPractice.javaPractice.CCLNewNew" name="test1" time="10.552"/>
  <testcase classname="com.javaPractice.javaPractice.CCLNewNew" name="test1" time="11.035"/>
  <testcase classname="com.javaPractice.javaPractice.CCLNewNew" name="test1" time="14.592"/>
  <testcase classname="com.javaPractice.javaPractice.CCLNewNew" name="test1" time="10.671"/>
  <testcase classname="com.javaPractice.javaPractice.CCLNewNew" name="test1" time="10.364"/>
  <testcase classname="com.javaPractice.javaPractice.CCLNewNew" name="test1" time="11.325"/>
  <testcase classname="com.javaPractice.javaPractice.CCLNewNew" name="test1" time="10.787"/>
  <testcase classname="com.javaPractice.javaPractice.CCLNewNew" name="test1" time="9.911"/>
  <testcase classname="com.javaPractice.javaPractice.CCLNewNew" name="test1" time="16.684"/>
</testsuite> <!-- Default test -->
