<?xml version="1.0" encoding="UTF-8"?>
<!-- Generated by org.testng.reporters.JUnitXMLReporter -->
<testsuite ignored="0" hostname="Prashant" failures="0" tests="5" name="Default test" time="60.363" errors="0" timestamp="2024-02-28T17:17:29 IST">
  <testcase classname="com.javaPractice.javaPractice.CCLNew" name="test1" time="19.204"/>
  <testcase classname="com.javaPractice.javaPractice.CCLNew" name="test1" time="9.304"/>
  <testcase classname="com.javaPractice.javaPractice.CCLNew" name="test1" time="8.79"/>
  <testcase classname="com.javaPractice.javaPractice.CCLNew" name="test1" time="10.715"/>
  <testcase classname="com.javaPractice.javaPractice.CCLNew" name="test1" time="9.431"/>
</testsuite> <!-- Default test -->
