<?xml version="1.0" encoding="UTF-8"?>
<testng-results ignored="0" total="5" passed="5" failed="0" skipped="0">
  <reporter-output>
  </reporter-output>
  <suite started-at="2024-02-28T18:00:24 IST" name="Default suite" finished-at="2024-02-28T18:01:19 IST" duration-ms="54897">
    <groups>
    </groups>
    <test started-at="2024-02-28T18:00:24 IST" name="Default test" finished-at="2024-02-28T18:01:19 IST" duration-ms="54897">
      <class name="com.javaPractice.javaPractice.CCLNewTest">
        <test-method is-config="true" signature="launchBrowser()[pri:0, instance:com.javaPractice.javaPractice.CCLNewTest@3bb9a3ff]" started-at="2024-02-28T18:00:24 IST" name="launchBrowser" finished-at="2024-02-28T18:00:26 IST" duration-ms="1877" status="PASS">
          <reporter-output>
          </reporter-output>
        </test-method> <!-- launchBrowser -->
        <test-method signature="test1(java.lang.String,java.lang.String)[pri:0, instance:com.javaPractice.javaPractice.CCLNewTest@3bb9a3ff]" started-at="2024-02-28T18:00:26 IST" name="test1" data-provider="excelsheet" finished-at="2024-02-28T18:00:41 IST" duration-ms="15073" status="PASS">
          <params>
            <param index="0">
              <value>
                <![CDATA[9558688683]]>
              </value>
            </param>
            <param index="1">
              <value>
                <![CDATA[Prashant@1986]]>
              </value>
            </param>
          </params>
          <reporter-output>
          </reporter-output>
        </test-method> <!-- test1 -->
        <test-method signature="test1(java.lang.String,java.lang.String)[pri:0, instance:com.javaPractice.javaPractice.CCLNewTest@3bb9a3ff]" started-at="2024-02-28T18:00:41 IST" name="test1" data-provider="excelsheet" finished-at="2024-02-28T18:00:51 IST" duration-ms="9246" status="PASS">
          <params>
            <param index="0">
              <value>
                <![CDATA[9426598339]]>
              </value>
            </param>
            <param index="1">
              <value>
                <![CDATA[Sital@2024]]>
              </value>
            </param>
          </params>
          <reporter-output>
          </reporter-output>
        </test-method> <!-- test1 -->
        <test-method signature="test1(java.lang.String,java.lang.String)[pri:0, instance:com.javaPractice.javaPractice.CCLNewTest@3bb9a3ff]" started-at="2024-02-28T18:00:51 IST" name="test1" data-provider="excelsheet" finished-at="2024-02-28T18:01:00 IST" duration-ms="9076" status="PASS">
          <params>
            <param index="0">
              <value>
                <![CDATA[9428498829]]>
              </value>
            </param>
            <param index="1">
              <value>
                <![CDATA[rupal2101]]>
              </value>
            </param>
          </params>
          <reporter-output>
          </reporter-output>
        </test-method> <!-- test1 -->
        <test-method signature="test1(java.lang.String,java.lang.String)[pri:0, instance:com.javaPractice.javaPractice.CCLNewTest@3bb9a3ff]" started-at="2024-02-28T18:01:00 IST" name="test1" data-provider="excelsheet" finished-at="2024-02-28T18:01:09 IST" duration-ms="9657" status="PASS">
          <params>
            <param index="0">
              <value>
                <![CDATA[9429779285]]>
              </value>
            </param>
            <param index="1">
              <value>
                <![CDATA[Pihupurva@2020]]>
              </value>
            </param>
          </params>
          <reporter-output>
          </reporter-output>
        </test-method> <!-- test1 -->
        <test-method signature="test1(java.lang.String,java.lang.String)[pri:0, instance:com.javaPractice.javaPractice.CCLNewTest@3bb9a3ff]" started-at="2024-02-28T18:01:09 IST" name="test1" data-provider="excelsheet" finished-at="2024-02-28T18:01:19 IST" duration-ms="9263" status="PASS">
          <params>
            <param index="0">
              <value>
                <![CDATA[9998063668]]>
              </value>
            </param>
            <param index="1">
              <value>
                <![CDATA[Paresh@2024]]>
              </value>
            </param>
          </params>
          <reporter-output>
          </reporter-output>
        </test-method> <!-- test1 -->
      </class> <!-- com.javaPractice.javaPractice.CCLNewTest -->
    </test> <!-- Default test -->
  </suite> <!-- Default suite -->
</testng-results>
