<?xml version="1.0" encoding="UTF-8"?>
<testng-results ignored="0" total="11" passed="11" failed="0" skipped="0">
  <reporter-output>
  </reporter-output>
  <suite started-at="2024-03-06T13:21:02 IST" name="Default suite" finished-at="2024-03-06T13:22:20 IST" duration-ms="78200">
    <groups>
    </groups>
    <test started-at="2024-03-06T13:21:02 IST" name="Default test" finished-at="2024-03-06T13:22:20 IST" duration-ms="78200">
      <class name="com.javaPractice.javaPractice.CCLNewTest">
        <test-method is-config="true" signature="launchBrowser()[pri:0, instance:com.javaPractice.javaPractice.CCLNewTest@5af3afd9]" started-at="2024-03-06T13:21:02 IST" name="launchBrowser" finished-at="2024-03-06T13:21:04 IST" duration-ms="2199" status="PASS">
          <reporter-output>
          </reporter-output>
        </test-method> <!-- launchBrowser -->
        <test-method signature="test1(java.lang.String,java.lang.String)[pri:0, instance:com.javaPractice.javaPractice.CCLNewTest@5af3afd9]" started-at="2024-03-06T13:21:05 IST" name="test1" data-provider="excelsheet" finished-at="2024-03-06T13:21:32 IST" duration-ms="26891" status="PASS">
          <params>
            <param index="0">
              <value>
                <![CDATA[9558688683]]>
              </value>
            </param>
            <param index="1">
              <value>
                <![CDATA[Prashant@1986]]>
              </value>
            </param>
          </params>
          <reporter-output>
          </reporter-output>
        </test-method> <!-- test1 -->
        <test-method signature="test1(java.lang.String,java.lang.String)[pri:0, instance:com.javaPractice.javaPractice.CCLNewTest@5af3afd9]" started-at="2024-03-06T13:21:32 IST" name="test1" data-provider="excelsheet" finished-at="2024-03-06T13:21:37 IST" duration-ms="5267" status="PASS">
          <params>
            <param index="0">
              <value>
                <![CDATA[9429779285]]>
              </value>
            </param>
            <param index="1">
              <value>
                <![CDATA[Pihupurva@2020]]>
              </value>
            </param>
          </params>
          <reporter-output>
          </reporter-output>
        </test-method> <!-- test1 -->
        <test-method signature="test1(java.lang.String,java.lang.String)[pri:0, instance:com.javaPractice.javaPractice.CCLNewTest@5af3afd9]" started-at="2024-03-06T13:21:37 IST" name="test1" data-provider="excelsheet" finished-at="2024-03-06T13:21:42 IST" duration-ms="5182" status="PASS">
          <params>
            <param index="0">
              <value>
                <![CDATA[8866214990]]>
              </value>
            </param>
            <param index="1">
              <value>
                <![CDATA[Tinu@2024]]>
              </value>
            </param>
          </params>
          <reporter-output>
          </reporter-output>
        </test-method> <!-- test1 -->
        <test-method signature="test1(java.lang.String,java.lang.String)[pri:0, instance:com.javaPractice.javaPractice.CCLNewTest@5af3afd9]" started-at="2024-03-06T13:21:42 IST" name="test1" data-provider="excelsheet" finished-at="2024-03-06T13:21:47 IST" duration-ms="5157" status="PASS">
          <params>
            <param index="0">
              <value>
                <![CDATA[9426598339]]>
              </value>
            </param>
            <param index="1">
              <value>
                <![CDATA[Sital@2024]]>
              </value>
            </param>
          </params>
          <reporter-output>
          </reporter-output>
        </test-method> <!-- test1 -->
        <test-method signature="test1(java.lang.String,java.lang.String)[pri:0, instance:com.javaPractice.javaPractice.CCLNewTest@5af3afd9]" started-at="2024-03-06T13:21:47 IST" name="test1" data-provider="excelsheet" finished-at="2024-03-06T13:21:52 IST" duration-ms="4433" status="PASS">
          <params>
            <param index="0">
              <value>
                <![CDATA[9426835092]]>
              </value>
            </param>
            <param index="1">
              <value>
                <![CDATA[sonal@123]]>
              </value>
            </param>
          </params>
          <reporter-output>
          </reporter-output>
        </test-method> <!-- test1 -->
        <test-method signature="test1(java.lang.String,java.lang.String)[pri:0, instance:com.javaPractice.javaPractice.CCLNewTest@5af3afd9]" started-at="2024-03-06T13:21:52 IST" name="test1" data-provider="excelsheet" finished-at="2024-03-06T13:21:56 IST" duration-ms="4567" status="PASS">
          <params>
            <param index="0">
              <value>
                <![CDATA[9998063668]]>
              </value>
            </param>
            <param index="1">
              <value>
                <![CDATA[Paresh@2024]]>
              </value>
            </param>
          </params>
          <reporter-output>
          </reporter-output>
        </test-method> <!-- test1 -->
        <test-method signature="test1(java.lang.String,java.lang.String)[pri:0, instance:com.javaPractice.javaPractice.CCLNewTest@5af3afd9]" started-at="2024-03-06T13:21:56 IST" name="test1" data-provider="excelsheet" finished-at="2024-03-06T13:22:01 IST" duration-ms="4256" status="PASS">
          <params>
            <param index="0">
              <value>
                <![CDATA[9428777375]]>
              </value>
            </param>
            <param index="1">
              <value>
                <![CDATA[kathan123]]>
              </value>
            </param>
          </params>
          <reporter-output>
          </reporter-output>
        </test-method> <!-- test1 -->
        <test-method signature="test1(java.lang.String,java.lang.String)[pri:0, instance:com.javaPractice.javaPractice.CCLNewTest@5af3afd9]" started-at="2024-03-06T13:22:01 IST" name="test1" data-provider="excelsheet" finished-at="2024-03-06T13:22:05 IST" duration-ms="4406" status="PASS">
          <params>
            <param index="0">
              <value>
                <![CDATA[9638891313]]>
              </value>
            </param>
            <param index="1">
              <value>
                <![CDATA[Bhavu113]]>
              </value>
            </param>
          </params>
          <reporter-output>
          </reporter-output>
        </test-method> <!-- test1 -->
        <test-method signature="test1(java.lang.String,java.lang.String)[pri:0, instance:com.javaPractice.javaPractice.CCLNewTest@5af3afd9]" started-at="2024-03-06T13:22:05 IST" name="test1" data-provider="excelsheet" finished-at="2024-03-06T13:22:09 IST" duration-ms="4169" status="PASS">
          <params>
            <param index="0">
              <value>
                <![CDATA[9428498829]]>
              </value>
            </param>
            <param index="1">
              <value>
                <![CDATA[rupal2101]]>
              </value>
            </param>
          </params>
          <reporter-output>
          </reporter-output>
        </test-method> <!-- test1 -->
        <test-method signature="test1(java.lang.String,java.lang.String)[pri:0, instance:com.javaPractice.javaPractice.CCLNewTest@5af3afd9]" started-at="2024-03-06T13:22:09 IST" name="test1" data-provider="excelsheet" finished-at="2024-03-06T13:22:14 IST" duration-ms="4815" status="PASS">
          <params>
            <param index="0">
              <value>
                <![CDATA[7600915442]]>
              </value>
            </param>
            <param index="1">
              <value>
                <![CDATA[Gsdlmg@1997]]>
              </value>
            </param>
          </params>
          <reporter-output>
          </reporter-output>
        </test-method> <!-- test1 -->
        <test-method signature="test1(java.lang.String,java.lang.String)[pri:0, instance:com.javaPractice.javaPractice.CCLNewTest@5af3afd9]" started-at="2024-03-06T13:22:14 IST" name="test1" data-provider="excelsheet" finished-at="2024-03-06T13:22:19 IST" duration-ms="4900" status="PASS">
          <params>
            <param index="0">
              <value>
                <![CDATA[9662260695]]>
              </value>
            </param>
            <param index="1">
              <value>
                <![CDATA[Krishna@1703]]>
              </value>
            </param>
          </params>
          <reporter-output>
          </reporter-output>
        </test-method> <!-- test1 -->
        <test-method is-config="true" signature="closeBrowser()[pri:0, instance:com.javaPractice.javaPractice.CCLNewTest@5af3afd9]" started-at="2024-03-06T13:22:19 IST" name="closeBrowser" finished-at="2024-03-06T13:22:20 IST" duration-ms="799" status="PASS">
          <reporter-output>
          </reporter-output>
        </test-method> <!-- closeBrowser -->
      </class> <!-- com.javaPractice.javaPractice.CCLNewTest -->
    </test> <!-- Default test -->
  </suite> <!-- Default suite -->
</testng-results>
